<?xml version="1.0" encoding="UTF-8"?>
<!-- Generated by org.testng.reporters.JUnitXMLReporter -->
<testsuite hostname="LAPTOP-CMPLGDPF" ignored="0" name="Default test" tests="7" failures="0" timestamp="2021-02-23T20:58:59 IST" time="13.988" errors="0">
  <testcase name="welcomePageTitleTest" time="1.568" classname="com.tatoc.qa.testcases.TatocTestCases"/>
  <testcase name="clickOnRedBox" time="0.317" classname="com.tatoc.qa.testcases.TatocTestCases"/>
  <testcase name="clickOnGreenBox" time="1.374" classname="com.tatoc.qa.testcases.TatocTestCases"/>
  <testcase name="checkReprintAndProceedLink" time="3.236" classname="com.tatoc.qa.testcases.TatocTestCases"/>
  <testcase name="dragAroungProceedLink" time="1.043" classname="com.tatoc.qa.testcases.TatocTestCases"/>
  <testcase name="launchPopUpWindow" time="2.009" classname="com.tatoc.qa.testcases.TatocTestCases"/>
  <testcase name="generateCookieToken" time="0.894" classname="com.tatoc.qa.testcases.TatocTestCases"/>
</testsuite> <!-- Default test -->
