<?xml version="1.0" encoding="UTF-8"?>
<!-- Generated by org.testng.reporters.JUnitXMLReporter -->
<testsuite hostname="LAPTOP-CMPLGDPF" ignored="0" name="Test" tests="7" failures="0" timestamp="2021-02-23T21:08:13 IST" time="11.707" errors="0">
  <testcase name="welcomePageTitleTest" time="1.251" classname="com.tatoc.qa.testcases.TatocTestCases"/>
  <testcase name="clickOnRedBox" time="0.362" classname="com.tatoc.qa.testcases.TatocTestCases"/>
  <testcase name="clickOnGreenBox" time="0.69" classname="com.tatoc.qa.testcases.TatocTestCases"/>
  <testcase name="checkReprintAndProceedLink" time="2.922" classname="com.tatoc.qa.testcases.TatocTestCases"/>
  <testcase name="dragAroungProceedLink" time="0.663" classname="com.tatoc.qa.testcases.TatocTestCases"/>
  <testcase name="launchPopUpWindow" time="1.327" classname="com.tatoc.qa.testcases.TatocTestCases"/>
  <testcase name="generateCookieToken" time="0.855" classname="com.tatoc.qa.testcases.TatocTestCases"/>
</testsuite> <!-- Test -->
