<?xml version="1.0" encoding="UTF-8"?>
<testng-results skipped="0" failed="0" ignored="0" total="7" passed="7">
  <reporter-output>
  </reporter-output>
  <suite name="Default suite" duration-ms="13507" started-at="2020-11-27T20:08:45 IST" finished-at="2020-11-27T20:08:59 IST">
    <groups>
    </groups>
    <test name="Default test" duration-ms="13507" started-at="2020-11-27T20:08:45 IST" finished-at="2020-11-27T20:08:59 IST">
      <class name="com.tatoc.qa.testcases.AllTest">
        <test-method status="PASS" signature="setup()[pri:0, instance:com.tatoc.qa.testcases.AllTest@303cf2ba]" name="setup" is-config="true" duration-ms="3286" started-at="2020-11-27T20:08:45 IST" finished-at="2020-11-27T20:08:48 IST">
          <reporter-output>
          </reporter-output>
        </test-method> <!-- setup -->
        <test-method status="PASS" signature="welcomePageTitleTest()[pri:0, instance:com.tatoc.qa.testcases.AllTest@303cf2ba]" name="welcomePageTitleTest" duration-ms="663" started-at="2020-11-27T20:08:48 IST" finished-at="2020-11-27T20:08:49 IST">
          <reporter-output>
          </reporter-output>
        </test-method> <!-- welcomePageTitleTest -->
        <test-method status="PASS" signature="clickOnRedBox()[pri:1, instance:com.tatoc.qa.testcases.AllTest@303cf2ba]" name="clickOnRedBox" duration-ms="355" started-at="2020-11-27T20:08:49 IST" finished-at="2020-11-27T20:08:49 IST">
          <reporter-output>
          </reporter-output>
        </test-method> <!-- clickOnRedBox -->
        <test-method status="PASS" signature="clickOnGreenBox()[pri:2, instance:com.tatoc.qa.testcases.AllTest@303cf2ba]" name="clickOnGreenBox" duration-ms="828" started-at="2020-11-27T20:08:49 IST" finished-at="2020-11-27T20:08:50 IST">
          <reporter-output>
          </reporter-output>
        </test-method> <!-- clickOnGreenBox -->
        <test-method status="PASS" signature="checkReprintAndProceedLink()[pri:3, instance:com.tatoc.qa.testcases.AllTest@303cf2ba]" name="checkReprintAndProceedLink" duration-ms="3819" started-at="2020-11-27T20:08:50 IST" finished-at="2020-11-27T20:08:54 IST">
          <reporter-output>
          </reporter-output>
        </test-method> <!-- checkReprintAndProceedLink -->
        <test-method status="PASS" signature="dragAroungProceedLink()[pri:4, instance:com.tatoc.qa.testcases.AllTest@303cf2ba]" name="dragAroungProceedLink" duration-ms="614" started-at="2020-11-27T20:08:54 IST" finished-at="2020-11-27T20:08:55 IST">
          <reporter-output>
          </reporter-output>
        </test-method> <!-- dragAroungProceedLink -->
        <test-method status="PASS" signature="launchPopUpWindow()[pri:5, instance:com.tatoc.qa.testcases.AllTest@303cf2ba]" name="launchPopUpWindow" duration-ms="2999" started-at="2020-11-27T20:08:55 IST" finished-at="2020-11-27T20:08:58 IST">
          <reporter-output>
          </reporter-output>
        </test-method> <!-- launchPopUpWindow -->
        <test-method status="PASS" signature="generateCookieToken()[pri:6, instance:com.tatoc.qa.testcases.AllTest@303cf2ba]" name="generateCookieToken" duration-ms="821" started-at="2020-11-27T20:08:58 IST" finished-at="2020-11-27T20:08:59 IST">
          <reporter-output>
          </reporter-output>
        </test-method> <!-- generateCookieToken -->
      </class> <!-- com.tatoc.qa.testcases.AllTest -->
    </test> <!-- Default test -->
  </suite> <!-- Default suite -->
</testng-results>
